<?xml version="1.0" encoding="UTF-8"?>
<Site BuildName="(empty)"
	BuildStamp="20240614-1838-Experimental"
	Name="anton202"
	Generator="ctest-3.16.3"
	CompilerName="/usr/bin/c++"
	CompilerVersion="9.4.0"
	OSName="Linux"
	Hostname="anton202"
	OSRelease="5.15.0-106-generic"
	OSVersion="#116~20.04.1-Ubuntu SMP Wed Apr 17 13:21:53 UTC 2024"
	OSPlatform="x86_64"
	Is64Bits="1"
	VendorString="GenuineIntel"
	VendorID="Intel Corporation"
	FamilyID="6"
	ModelID="154"
	ProcessorCacheSize="24576"
	NumberOfLogicalCPU="20"
	NumberOfPhysicalCPU="14"
	TotalVirtualMemory="2047"
	TotalPhysicalMemory="15696"
	LogicalProcessorsPerPhysical="1"
	ProcessorClockFrequency="3449.33"
	>
	<Testing>
		<StartDateTime>Jun 14 21:52 MSK</StartDateTime>
		<StartTestTime>1718391166</StartTestTime>
		<TestList/>
		<EndDateTime>Jun 14 21:52 MSK</EndDateTime>
		<EndTestTime>1718391166</EndTestTime>
		<ElapsedMinutes>0</ElapsedMinutes>
	</Testing>
</Site>
